0 info it worked if it ends with ok
1 verbose cli [ '/Users/indutny/.iojs/2.2.1/bin/iojs',
1 verbose cli   '/Users/indutny/.iojs/2.2.1/bin/npm',
1 verbose cli   'test' ]
2 info using npm@2.11.0
3 info using node@v2.2.1
4 verbose stack Error: ENOENT: no such file or directory, open '/Users/indutny/Code/indutny/node/package.json'
4 verbose stack     at Error (native)
5 verbose cwd /Users/indutny/Code/indutny/node
6 error Darwin 14.3.0
7 error argv "/Users/indutny/.iojs/2.2.1/bin/iojs" "/Users/indutny/.iojs/2.2.1/bin/npm" "test"
8 error node v2.2.1
9 error npm  v2.11.0
10 error path /Users/indutny/Code/indutny/node/package.json
11 error code ENOENT
12 error errno -2
13 error syscall open
14 error enoent ENOENT: no such file or directory, open '/Users/indutny/Code/indutny/node/package.json'
14 error enoent This is most likely not a problem with npm itself
14 error enoent and is related to npm not being able to find a file.
15 verbose exit [ -2, true ]
